c:\users\chiew\downloads\new folder\intotheunknown\gav-3dgpr-alpha-2\debug\vc143.pdb
c:\users\chiew\downloads\new folder\intotheunknown\gav-3dgpr-alpha-2\debug\vc143.idb
c:\users\chiew\downloads\new folder\intotheunknown\gav-3dgpr-alpha-2\debug\vector.obj
c:\users\chiew\downloads\new folder\intotheunknown\gav-3dgpr-alpha-2\debug\texturedshape3d.obj
c:\users\chiew\downloads\new folder\intotheunknown\gav-3dgpr-alpha-2\debug\texture.obj
c:\users\chiew\downloads\new folder\intotheunknown\gav-3dgpr-alpha-2\debug\point3d.obj
c:\users\chiew\downloads\new folder\intotheunknown\gav-3dgpr-alpha-2\debug\mesh.obj
c:\users\chiew\downloads\new folder\intotheunknown\gav-3dgpr-alpha-2\debug\main.obj
c:\users\chiew\downloads\new folder\intotheunknown\gav-3dgpr-alpha-2\debug\camera.obj
c:\users\chiew\downloads\new folder\intotheunknown\debug\gav-3dgpr-alpha-2.exe
c:\users\chiew\downloads\new folder\intotheunknown\debug\gav-3dgpr-alpha-2.pdb
c:\users\chiew\downloads\new folder\intotheunknown\gav-3dgpr-alpha-2\debug\gav-3dgpr-alpha-2.ilk
c:\users\chiew\downloads\new folder\intotheunknown\gav-3dgpr-alpha-2\debug\gav-3dgp.fd4676b2.tlog\cl.command.1.tlog
c:\users\chiew\downloads\new folder\intotheunknown\gav-3dgpr-alpha-2\debug\gav-3dgp.fd4676b2.tlog\cl.items.tlog
c:\users\chiew\downloads\new folder\intotheunknown\gav-3dgpr-alpha-2\debug\gav-3dgp.fd4676b2.tlog\cl.read.1.tlog
c:\users\chiew\downloads\new folder\intotheunknown\gav-3dgpr-alpha-2\debug\gav-3dgp.fd4676b2.tlog\cl.write.1.tlog
c:\users\chiew\downloads\new folder\intotheunknown\gav-3dgpr-alpha-2\debug\gav-3dgp.fd4676b2.tlog\link.command.1.tlog
c:\users\chiew\downloads\new folder\intotheunknown\gav-3dgpr-alpha-2\debug\gav-3dgp.fd4676b2.tlog\link.read.1.tlog
c:\users\chiew\downloads\new folder\intotheunknown\gav-3dgpr-alpha-2\debug\gav-3dgp.fd4676b2.tlog\link.secondary.1.tlog
c:\users\chiew\downloads\new folder\intotheunknown\gav-3dgpr-alpha-2\debug\gav-3dgp.fd4676b2.tlog\link.write.1.tlog
